2024-09-01 14:00:36,991 - INFO - Starting ETL pipeline
2024-09-01 14:00:37,094 - INFO - Extracted data saved to data/raw/weather_data.json
2024-09-01 14:00:37,104 - INFO - Transformed data saved to data/processed/processed_weather_data.json
2024-09-01 14:00:37,113 - INFO - Final data saved to data/final/final_weather_data.json
2024-09-01 14:00:37,113 - INFO - ETL pipeline finished successfully
INFO:root:Starting data extraction...
INFO:root:Data extracted successfully
INFO:root:Starting data transformation...
INFO:root:Data transformation complete
INFO:root:Starting data validation...
INFO:root:Data validation successful
INFO:root:Starting parallel processing...
INFO:root:Parallel processing complete
INFO:root:Starting data load to processed stage...
INFO:root:Data loaded successfully to data/processed/processed_data.json
INFO:root:Starting data load to final stage...
INFO:root:Data loaded successfully to data/final/final_data.json
INFO:root:ETL Pipeline ran successfully
INFO:root:Starting data extraction...
ERROR:root:Failed to extract data
INFO:root:Starting data extraction...
INFO:root:Data extracted successfully
INFO:root:Starting data load to final stage...
INFO:root:Data loaded successfully to data/final/final_data.json
ERROR:root:ETL Pipeline failed
INFO:root:ETL Pipeline ran successfully
INFO:root:Starting parallel processing...
INFO:root:Parallel processing complete
INFO:root:Starting data transformation...
INFO:root:Data transformation complete
INFO:root:Starting data validation...
ERROR:root:Data validation failed
INFO:root:Starting data validation...
INFO:root:Data validation successful
